# JRE version: OpenJDK Runtime Environment Temurin-21.0.11+10 (21.0.11+10) (build 21.0.11+10-LTS)
# Java VM: OpenJDK 64-Bit Server VM Temurin-21.0.11+10 (21.0.11+10-LTS, mixed mode, sharing, tiered, compressed oops, compressed class ptrs, g1 gc, windows-amd64)
GC Precious Log:
 CardTable entry size: 512
 Card Set container configuration: InlinePtr #cards 5 size 8 Array Of Cards #cards 12 size 40 Howl #buckets 4 coarsen threshold 1843 Howl Bitmap #cards 512 size 80 coarsen threshold 460 Card regions per heap region 1 cards per card region 2048
 CPUs: 12 total, 12 available
 Memory: 15985M
 Large Page Support: Disabled
 NUMA Support: Disabled
 Compressed Oops: Enabled (32-bit)
 Heap Region Size: 1M
 Heap Min Capacity: 8M
 Heap Initial Capacity: 250M
 Heap Max Capacity: 2G
 Pre-touch: Disabled
 Parallel Workers: 10
 Concurrent Workers: 3
 Concurrent Refinement Workers: 10
 Periodic GC: Disabled
Heap:
 garbage-first heap   total 111616K, used 78064K [0x0000000080000000, 0x0000000100000000)
  region size 1024K, 19 young (19456K), 2 survivors (2048K)
 Metaspace       used 69216K, committed 70848K, reserved 1114112K
  class space    used 9561K, committed 10368K, reserved 1048576K
GC Heap History (20 events):
Event: 7.962 GC heap before
{Heap before GC invocations=4 (full 0):
 garbage-first heap   total 81920K, used 81014K [0x0000000080000000, 0x0000000100000000)
  region size 1024K, 72 young (73728K), 16 survivors (16384K)
 Metaspace       used 27962K, committed 29056K, reserved 1114112K
  class space    used 4071K, committed 4608K, reserved 1048576K
}
Event: 7.977 GC heap after
{Heap after GC invocations=5 (full 0):
 garbage-first heap   total 102400K, used 27006K [0x0000000080000000, 0x0000000100000000)
  region size 1024K, 4 young (4096K), 4 survivors (4096K)
 Metaspace       used 27962K, committed 29056K, reserved 1114112K
  class space    used 4071K, committed 4608K, reserved 1048576K
}
Event: 9.146 GC heap before
{Heap before GC invocations=5 (full 0):
 garbage-first heap   total 102400K, used 76158K [0x0000000080000000, 0x0000000100000000)
  region size 1024K, 54 young (55296K), 4 survivors (4096K)
 Metaspace       used 34659K, committed 35968K, reserved 1114112K
  class space    used 5066K, committed 5696K, reserved 1048576K
}
Event: 9.153 GC heap after
{Heap after GC invocations=6 (full 0):
 garbage-first heap   total 102400K, used 31744K [0x0000000080000000, 0x0000000100000000)
  region size 1024K, 7 young (7168K), 7 survivors (7168K)
 Metaspace       used 34659K, committed 35968K, reserved 1114112K
  class space    used 5066K, committed 5696K, reserved 1048576K
}
Event: 9.186 GC heap before
{Heap before GC invocations=6 (full 0):
 garbage-first heap   total 102400K, used 32768K [0x0000000080000000, 0x0000000100000000)
  region size 1024K, 9 young (9216K), 7 survivors (7168K)
 Metaspace       used 34962K, committed 36288K, reserved 1114112K
  class space    used 5088K, committed 5760K, reserved 1048576K
}
Event: 9.193 GC heap after
{Heap after GC invocations=7 (full 0):
 garbage-first heap   total 102400K, used 31985K [0x0000000080000000, 0x0000000100000000)
  region size 1024K, 5 young (5120K), 5 survivors (5120K)
 Metaspace       used 34962K, committed 36288K, reserved 1114112K
  class space    used 5088K, committed 5760K, reserved 1048576K
}
Event: 10.116 GC heap before
{Heap before GC invocations=8 (full 0):
 garbage-first heap   total 102400K, used 84209K [0x0000000080000000, 0x0000000100000000)
  region size 1024K, 56 young (57344K), 5 survivors (5120K)
 Metaspace       used 38387K, committed 39872K, reserved 1114112K
  class space    used 5600K, committed 6336K, reserved 1048576K
}
Event: 10.122 GC heap after
{Heap after GC invocations=9 (full 0):
 garbage-first heap   total 102400K, used 34789K [0x0000000080000000, 0x0000000100000000)
  region size 1024K, 4 young (4096K), 4 survivors (4096K)
 Metaspace       used 38387K, committed 39872K, reserved 1114112K
  class space    used 5600K, committed 6336K, reserved 1048576K
}
Event: 11.287 GC heap before
{Heap before GC invocations=9 (full 0):
 garbage-first heap   total 102400K, used 85989K [0x0000000080000000, 0x0000000100000000)
  region size 1024K, 54 young (55296K), 4 survivors (4096K)
 Metaspace       used 46670K, committed 48256K, reserved 1114112K
  class space    used 7086K, committed 7872K, reserved 1048576K
}
Event: 11.293 GC heap after
{Heap after GC invocations=10 (full 0):
 garbage-first heap   total 102400K, used 36753K [0x0000000080000000, 0x0000000100000000)
  region size 1024K, 6 young (6144K), 6 survivors (6144K)
 Metaspace       used 46670K, committed 48256K, reserved 1114112K
  class space    used 7086K, committed 7872K, reserved 1048576K
}
Event: 12.511 GC heap before
{Heap before GC invocations=10 (full 0):
 garbage-first heap   total 102400K, used 87953K [0x0000000080000000, 0x0000000100000000)
  region size 1024K, 56 young (57344K), 6 survivors (6144K)
 Metaspace       used 54124K, committed 55680K, reserved 1114112K
  class space    used 7991K, committed 8704K, reserved 1048576K
}
Event: 12.517 GC heap after
{Heap after GC invocations=11 (full 0):
 garbage-first heap   total 102400K, used 38081K [0x0000000080000000, 0x0000000100000000)
  region size 1024K, 4 young (4096K), 4 survivors (4096K)
 Metaspace       used 54124K, committed 55680K, reserved 1114112K
  class space    used 7991K, committed 8704K, reserved 1048576K
}
Event: 13.044 GC heap before
{Heap before GC invocations=11 (full 0):
 garbage-first heap   total 102400K, used 90305K [0x0000000080000000, 0x0000000100000000)
  region size 1024K, 55 young (56320K), 4 survivors (4096K)
 Metaspace       used 55178K, committed 56832K, reserved 1114112K
  class space    used 8104K, committed 8896K, reserved 1048576K
}
Event: 13.064 GC heap after
{Heap after GC invocations=12 (full 0):
 garbage-first heap   total 111616K, used 55296K [0x0000000080000000, 0x0000000100000000)
  region size 1024K, 7 young (7168K), 7 survivors (7168K)
 Metaspace       used 55178K, committed 56832K, reserved 1114112K
  class space    used 8104K, committed 8896K, reserved 1048576K
}
Event: 13.825 GC heap before
{Heap before GC invocations=12 (full 0):
 garbage-first heap   total 111616K, used 81920K [0x0000000080000000, 0x0000000100000000)
  region size 1024K, 34 young (34816K), 7 survivors (7168K)
 Metaspace       used 59114K, committed 60736K, reserved 1114112K
  class space    used 8521K, committed 9344K, reserved 1048576K
}
Event: 13.833 GC heap after
{Heap after GC invocations=13 (full 0):
 garbage-first heap   total 111616K, used 57515K [0x0000000080000000, 0x0000000100000000)
  region size 1024K, 2 young (2048K), 2 survivors (2048K)
 Metaspace       used 59114K, committed 60736K, reserved 1114112K
  class space    used 8521K, committed 9344K, reserved 1048576K
}
Event: 14.632 GC heap before
{Heap before GC invocations=14 (full 0):
 garbage-first heap   total 111616K, used 95403K [0x0000000080000000, 0x0000000100000000)
  region size 1024K, 39 young (39936K), 2 survivors (2048K)
 Metaspace       used 62559K, committed 64192K, reserved 1114112K
  class space    used 8936K, committed 9728K, reserved 1048576K
}
Event: 14.640 GC heap after
{Heap after GC invocations=15 (full 0):
 garbage-first heap   total 111616K, used 61078K [0x0000000080000000, 0x0000000100000000)
  region size 1024K, 5 young (5120K), 5 survivors (5120K)
 Metaspace       used 62559K, committed 64192K, reserved 1114112K
  class space    used 8936K, committed 9728K, reserved 1048576K
}
Event: 15.493 GC heap before
{Heap before GC invocations=15 (full 0):
 garbage-first heap   total 111616K, used 95894K [0x0000000080000000, 0x0000000100000000)
  region size 1024K, 40 young (40960K), 5 survivors (5120K)
 Metaspace       used 66830K, committed 68480K, reserved 1114112K
  class space    used 9295K, committed 10112K, reserved 1048576K
}
Event: 15.497 GC heap after
{Heap after GC invocations=16 (full 0):
 garbage-first heap   total 111616K, used 61680K [0x0000000080000000, 0x0000000100000000)
  region size 1024K, 2 young (2048K), 2 survivors (2048K)
 Metaspace       used 66830K, committed 68480K, reserved 1114112K
  class space    used 9295K, committed 10112K, reserved 1048576K
}

